[ 2016-05-20T11:10:45+08:00 ] ::1 /course/Public/html/css/sb-admin.css
INFO: [ app_init ] --START--
INFO: Run Behavior\BuildLiteBehavior [ RunTime:0.000034s ]
INFO: [ app_init ] --END-- [ RunTime:0.000938s ]
ERR: æ— æ³•åŠ è½½æ¨¡å—:Public

³•åŠ è½½æ¨¡å—:Public

[ 2016-05-20T11:10:45+08:00 ] ::1 /course/Public/html/js/plugins/morris/morris-data.js
INFO: [ app_init ] --START--
INFO: Run Behavior\BuildLiteBehavior [ RunTime:0.000034s ]
INFO: [ app_init ] --END-- [ RunTime:0.000816s ]
ERR: æ— æ³•åŠ è½½æ¨¡å—:Public

[ 2016-05-20T11:10:45+08:00 ] ::1 /course/Public/html/js/plugins/morris/raphael.min.js
INFO: [ app_init ] --START--
INFO: Run Behavior\BuildLiteBehavior [ RunTime:0.000019s ]
INFO: [ app_init ] --END-- [ RunTime:0.000539s ]
ERR: æ— æ³•åŠ è½½æ¨¡å—:Public

[ 2016-05-20T11:10:45+08:00 ] ::1 /course/Public/html/js/plugins/morris/morris.min.js
INFO: [ app_init ] --START--
INFO: Run Behavior\BuildLiteBehavior [ RunTime:0.000025s ]
INFO: [ app_init ] --END-- [ RunTime:0.000716s ]
ERR: æ— æ³•åŠ è½½æ¨¡å—:Public

[ 2016-05-20T11:10:50+08:00 ] ::1 /course/Public/html/js/plugins/morris/morris.min.js
INFO: [ app_init ] --START--
INFO: Run Behavior\BuildLiteBehavior [ RunTime:0.000030s ]
INFO: [ app_init ] --END-- [ RunTime:0.000762s ]
ERR: æ— æ³•åŠ è½½æ¨¡å—:Public

[ 2016-05-20T11:10:50+08:00 ] ::1 /course/Public/html/js/plugins/morris/morris-data.js
INFO: [ app_init ] --START--
INFO: Run Behavior\BuildLiteBehavior [ RunTime:0.000031s ]
INFO: [ app_init ] --END-- [ RunTime:0.000737s ]
ERR: æ— æ³•åŠ è½½æ¨¡å—:Public

[ 2016-05-20T11:10:50+08:00 ] ::1 /course/Public/html/js/plugins/morris/raphael.min.js
INFO: [ app_init ] --START--
INFO: Run Behavior\BuildLiteBehavior [ RunTime:0.000033s ]
INFO: [ app_init ] --END-- [ RunTime:0.000842s ]
ERR: æ— æ³•åŠ è½½æ¨¡å—:Public

[ 2016-05-20T11:10:50+08:00 ] ::1 /course/Public/html/css/sb-admin.css
INFO: [ app_init ] --START--
INFO: Run Behavior\BuildLiteBehavior [ RunTime:0.000145s ]
INFO: [ app_init ] --END-- [ RunTime:0.002527s ]
ERR: æ— æ³•åŠ è½½æ¨¡å—:Public

[ 2016-05-20T11:10:51+08:00 ] ::1 /course/Public/html/css/font-awesome/css/font-awesome.min.css
INFO: [ app_init ] --START--
INFO: Run Behavior\BuildLiteBehavior [ RunTime:0.000019s ]
INFO: [ app_init ] --END-- [ RunTime:0.000522s ]
ERR: æ— æ³•åŠ è½½æ¨¡å—:Public

[ 2016-05-20T11:10:55+08:00 ] ::1 /course/Public/html/css/sb-admin.css
INFO: [ app_init ] --START--
INFO: Run Behavior\BuildLiteBehavior [ RunTime:0.000019s ]
INFO: [ app_init ] --END-- [ RunTime:0.000445s ]
ERR: æ— æ³•åŠ è½½æ¨¡å—:Public

[ 2016-05-20T11:10:55+08:00 ] ::1 /course/Public/html/css/font-awesome/css/font-awesome.min.css
INFO: [ app_init ] --START--
INFO: Run Behavior\BuildLiteBehavior [ RunTime:0.000019s ]
INFO: [ app_init ] --END-- [ RunTime:0.000462s ]
ERR: æ— æ³•åŠ è½½æ¨¡å—:Public

[ 2016-05-20T11:10:55+08:00 ] ::1 /course/Public/html/js/plugins/morris/morris-data.js
INFO: [ app_init ] --START--
INFO: Run Behavior\BuildLiteBehavior [ RunTime:0.000021s ]
INFO: [ app_init ] --END-- [ RunTime:0.000452s ]
ERR: æ— æ³•åŠ è½½æ¨¡å—:Public

[ 2016-05-20T11:10:55+08:00 ] ::1 /course/Public/html/js/plugins/morris/raphael.min.js
INFO: [ app_init ] --START--
INFO: Run Behavior\BuildLiteBehavior [ RunTime:0.000049s ]
INFO: [ app_init ] --END-- [ RunTime:0.000704s ]
ERR: æ— æ³•åŠ è½½æ¨¡å—:Public

[ 2016-05-20T11:10:55+08:00 ] ::1 /course/Public/html/js/plugins/morris/morris.min.js
INFO: [ app_init ] --START--
INFO: Run Behavior\BuildLiteBehavior [ RunTime:0.000022s ]
INFO: [ app_init ] --END-- [ RunTime:0.001203s ]
ERR: æ— æ³•åŠ è½½æ¨¡å—:Public

[ 2016-05-20T11:12:20+08:00 ] ::1 /course/Public/html/css/font-awesome/css/font-awesome.min.css
INFO: [ app_init ] --START--
INFO: Run Behavior\BuildLiteBehavior [ RunTime:0.000029s ]
INFO: [ app_init ] --END-- [ RunTime:0.000692s ]
ERR: æ— æ³•åŠ è½½æ¨¡å—:Public

[ 2016-05-20T11:12:20+08:00 ] ::1 /course/Public/html/css/sb-admin.css
INFO: [ app_init ] --START--
INFO: Run Behavior\BuildLiteBehavior [ RunTime:0.000028s ]
INFO: [ app_init ] --END-- [ RunTime:0.000752s ]
ERR: æ— æ³•åŠ è½½æ¨¡å—:Public

[ 2016-05-20T11:12:20+08:00 ] ::1 /course/Public/html/js/plugins/morris/morris-data.js
INFO: [ app_init ] --START--
INFO: Run Behavior\BuildLiteBehavior [ RunTime:0.000032s ]
INFO: [ app_init ] --END-- [ RunTime:0.000726s ]
ERR: æ— æ³•åŠ è½½æ¨¡å—:Public

[ 2016-05-20T11:12:20+08:00 ] ::1 /course/Public/html/js/plugins/morris/morris.min.js
INFO: [ app_init ] --START--
INFO: Run Behavior\BuildLiteBehavior [ RunTime:0.000024s ]
INFO: [ app_init ] --END-- [ RunTime:0.000652s ]
ERR: æ— æ³•åŠ è½½æ¨¡å—:Public

[ 2016-05-20T11:12:20+08:00 ] ::1 /course/Public/html/js/plugins/morris/raphael.min.js
INFO: [ app_init ] --START--
INFO: Run Behavior\BuildLiteBehavior [ RunTime:0.000022s ]
INFO: [ app_init ] --END-- [ RunTime:0.000540s ]
ERR: æ— æ³•åŠ è½½æ¨¡å—:Public

[ 2016-05-20T11:12:23+08:00 ] ::1 /course/Public/html/css/font-awesome/css/font-awesome.min.css
INFO: [ app_init ] --START--
INFO: Run Behavior\BuildLiteBehavior [ RunTime:0.000021s ]
INFO: [ app_init ] --END-- [ RunTime:0.000514s ]
ERR: æ— æ³•åŠ è½½æ¨¡å—:Public

[ 2016-05-20T11:12:23+08:00 ] ::1 /course/Public/html/css/sb-admin.css
INFO: [ app_init ] --START--
INFO: Run Behavior\BuildLiteBehavior [ RunTime:0.000019s ]
INFO: [ app_init ] --END-- [ RunTime:0.000453s ]
ERR: æ— æ³•åŠ è½½æ¨¡å—:Public

[ 2016-05-20T11:12:24+08:00 ] ::1 /course/Public/html/js/plugins/morris/morris.min.js
INFO: [ app_init ] --START--
INFO: Run Behavior\BuildLiteBehavior [ RunTime:0.000018s ]
INFO: [ app_init ] --END-- [ RunTime:0.000454s ]
ERR: æ— æ³•åŠ è½½æ¨¡å—:Public

[ 2016-05-20T11:12:24+08:00 ] ::1 /course/Public/html/js/plugins/morris/morris-data.js
INFO: [ app_init ] --START--
INFO: Run Behavior\BuildLiteBehavior [ RunTime:0.000014s ]
INFO: [ app_init ] --END-- [ RunTime:0.000450s ]
ERR: æ— æ³•åŠ è½½æ¨¡å—:Public

[ 2016-05-20T11:12:24+08:00 ] ::1 /course/Public/html/js/plugins/morris/raphael.min.js
INFO: [ app_init ] --START--
INFO: Run Behavior\BuildLiteBehavior [ RunTime:0.000021s ]
INFO: [ app_init ] --END-- [ RunTime:0.000470s ]
ERR: æ— æ³•åŠ è½½æ¨¡å—:Public

[ 2016-05-20T11:49:10+08:00 ] ::1 /course/Public/html/js/plugins/morris/morris-data.js
INFO: [ app_init ] --START--
INFO: Run Behavior\BuildLiteBehavior [ RunTime:0.000022s ]
INFO: [ app_init ] --END-- [ RunTime:0.001357s ]
ERR: æ— æ³•åŠ è½½æ¨¡å—:Public

[ 2016-05-20T11:49:10+08:00 ] ::1 /course/Public/html/css/font-awesome/css/font-awesome.min.css
INFO: [ app_init ] --START--
INFO: Run Behavior\BuildLiteBehavior [ RunTime:0.000032s ]
INFO: [ app_init ] --END-- [ RunTime:0.000466s ]
ERR: æ— æ³•åŠ è½½æ¨¡å—:Public

[ 2016-05-20T11:49:10+08:00 ] ::1 /course/Public/html/js/plugins/morris/raphael.min.js
INFO: [ app_init ] --START--
INFO: Run Behavior\BuildLiteBehavior [ RunTime:0.000016s ]
INFO: [ app_init ] --END-- [ RunTime:0.000421s ]
ERR: æ— æ³•åŠ è½½æ¨¡å—:Public

[ 2016-05-20T11:49:10+08:00 ] ::1 /course/Public/html/js/plugins/morris/morris.min.js
INFO: [ app_init ] --START--
INFO: Run Behavior\BuildLiteBehavior [ RunTime:0.000018s ]
INFO: [ app_init ] --END-- [ RunTime:0.000509s ]
ERR: æ— æ³•åŠ è½½æ¨¡å—:Public

[ 2016-05-20T11:49:10+08:00 ] ::1 /course/Public/html/css/sb-admin.css
INFO: [ app_init ] --START--
INFO: Run Behavior\BuildLiteBehavior [ RunTime:0.000011s ]
INFO: [ app_init ] --END-- [ RunTime:0.000249s ]
ERR: æ— æ³•åŠ è½½æ¨¡å—:Public

